<?xml version="1.0" encoding="UTF-8"?>
<testsuite xmlns:xsi="http://www.w3.org/2001/XMLSchema-instance" xsi:noNamespaceSchemaLocation="https://maven.apache.org/surefire/maven-surefire-plugin/xsd/surefire-test-report.xsd" name="com.cognizant.processpensionmodule.exception.ProcessPensionExceptionTest" time="0.015" tests="3" errors="0" skipped="0" failures="0">
  <properties>
[...]
</properties>
  <testcase name="testPensionerNotFoundException" classname="com.cognizant.processpensionmodule.exception.ProcessPensionExceptionTest" time="0"/>
  <testcase name="testTokenInvalidException" classname="com.cognizant.processpensionmodule.exception.ProcessPensionExceptionTest" time="0.001"/>
  <testcase name="testPensionerInputNotFoundException" classname="com.cognizant.processpensionmodule.exception.ProcessPensionExceptionTest" time="0"/>
</testsuite>