-------------------------------------------------------------------------------
Test set: com.pensiondisbursement.service.PensionDisbursementServiceTest
-------------------------------------------------------------------------------
Tests run: 9, Failures: 0, Errors: 9, Skipped: 0, Time elapsed: 25.032 s <<< FAILURE! - in com.pensiondisbursement.service.PensionDisbursementServiceTest
testGetPensionDisbursementSuccess  Time elapsed: 0 s  <<< ERROR!
java.lang.IllegalStateException: Failed to load ApplicationContext
Caused by: org.springframework.beans.factory.BeanCreationException: Error creating bean with name 'pensionDisbursementController': Injection of autowired dependencies failed; nested exception is java.lang.IllegalArgumentException: Could not resolve placeholder 'myconfig.firstProperty' in value "${myconfig.firstProperty}"
Caused by: java.lang.IllegalArgumentException: Could not resolve placeholder 'myconfig.firstProperty' in value "${myconfig.firstProperty}"

testGetPensionDetail  Time elapsed: 0 s  <<< ERROR!
java.lang.IllegalStateException: Failed to load ApplicationContext
Caused by: org.springframework.beans.factory.BeanCreationException: Error creating bean with name 'pensionDisbursementController': Injection of autowired dependencies failed; nested exception is java.lang.IllegalArgumentException: Could not resolve placeholder 'myconfig.firstProperty' in value "${myconfig.firstProperty}"
Caused by: java.lang.IllegalArgumentException: Could not resolve placeholder 'myconfig.firstProperty' in value "${myconfig.firstProperty}"

testGetPensionDisbursementPrivateBankChargeNotPaid  Time elapsed: 0 s  <<< ERROR!
java.lang.IllegalStateException: Failed to load ApplicationContext
Caused by: org.springframework.beans.factory.BeanCreationException: Error creating bean with name 'pensionDisbursementController': Injection of autowired dependencies failed; nested exception is java.lang.IllegalArgumentException: Could not resolve placeholder 'myconfig.firstProperty' in value "${myconfig.firstProperty}"
Caused by: java.lang.IllegalArgumentException: Could not resolve placeholder 'myconfig.firstProperty' in value "${myconfig.firstProperty}"

testGetPensionDisbursementPrivateBankSuccess  Time elapsed: 0.002 s  <<< ERROR!
java.lang.IllegalStateException: Failed to load ApplicationContext
Caused by: org.springframework.beans.factory.BeanCreationException: Error creating bean with name 'pensionDisbursementController': Injection of autowired dependencies failed; nested exception is java.lang.IllegalArgumentException: Could not resolve placeholder 'myconfig.firstProperty' in value "${myconfig.firstProperty}"
Caused by: java.lang.IllegalArgumentException: Could not resolve placeholder 'myconfig.firstProperty' in value "${myconfig.firstProperty}"

testGetPensionDisbursementPrivateBankUnknownError  Time elapsed: 0 s  <<< ERROR!
java.lang.IllegalStateException: Failed to load ApplicationContext
Caused by: org.springframework.beans.factory.BeanCreationException: Error creating bean with name 'pensionDisbursementController': Injection of autowired dependencies failed; nested exception is java.lang.IllegalArgumentException: Could not resolve placeholder 'myconfig.firstProperty' in value "${myconfig.firstProperty}"
Caused by: java.lang.IllegalArgumentException: Could not resolve placeholder 'myconfig.firstProperty' in value "${myconfig.firstProperty}"

testGetPensionDisbursementUnknownErrorWrongBankType  Time elapsed: 0 s  <<< ERROR!
java.lang.IllegalStateException: Failed to load ApplicationContext
Caused by: org.springframework.beans.factory.BeanCreationException: Error creating bean with name 'pensionDisbursementController': Injection of autowired dependencies failed; nested exception is java.lang.IllegalArgumentException: Could not resolve placeholder 'myconfig.firstProperty' in value "${myconfig.firstProperty}"
Caused by: java.lang.IllegalArgumentException: Could not resolve placeholder 'myconfig.firstProperty' in value "${myconfig.firstProperty}"

testGetPensionDisbursementWrongAadhar  Time elapsed: 0 s  <<< ERROR!
java.lang.IllegalStateException: Failed to load ApplicationContext
Caused by: org.springframework.beans.factory.BeanCreationException: Error creating bean with name 'pensionDisbursementController': Injection of autowired dependencies failed; nested exception is java.lang.IllegalArgumentException: Could not resolve placeholder 'myconfig.firstProperty' in value "${myconfig.firstProperty}"
Caused by: java.lang.IllegalArgumentException: Could not resolve placeholder 'myconfig.firstProperty' in value "${myconfig.firstProperty}"

testGetPensionDisbursementServiceChargeNotPaid  Time elapsed: 0 s  <<< ERROR!
java.lang.IllegalStateException: Failed to load ApplicationContext
Caused by: org.springframework.beans.factory.BeanCreationException: Error creating bean with name 'pensionDisbursementController': Injection of autowired dependencies failed; nested exception is java.lang.IllegalArgumentException: Could not resolve placeholder 'myconfig.firstProperty' in value "${myconfig.firstProperty}"
Caused by: java.lang.IllegalArgumentException: Could not resolve placeholder 'myconfig.firstProperty' in value "${myconfig.firstProperty}"

testGetPensionDisbursementUnknownError  Time elapsed: 0 s  <<< ERROR!
java.lang.IllegalStateException: Failed to load ApplicationContext
Caused by: org.springframework.beans.factory.BeanCreationException: Error creating bean with name 'pensionDisbursementController': Injection of autowired dependencies failed; nested exception is java.lang.IllegalArgumentException: Could not resolve placeholder 'myconfig.firstProperty' in value "${myconfig.firstProperty}"
Caused by: java.lang.IllegalArgumentException: Could not resolve placeholder 'myconfig.firstProperty' in value "${myconfig.firstProperty}"

